{"/Users/bradleybraithwaite/repos/victor-node-lib/datetime/index.js":{"path":"/Users/bradleybraithwaite/repos/victor-node-lib/datetime/index.js","s":{"1":1,"2":1,"3":6,"4":6,"5":6,"6":6,"7":1,"8":4,"9":4,"10":2,"11":2,"12":1,"13":3,"14":3,"15":1,"16":1,"17":9,"18":7,"19":7,"20":7,"21":4,"22":1,"23":6,"24":2,"25":4,"26":4,"27":1,"28":1,"29":1,"30":1,"31":1},"b":{"1":[2,2],"2":[4,3],"3":[1,2],"4":[3,2],"5":[7,2],"6":[9,8],"7":[4,3],"8":[4,3],"9":[2,4]},"f":{"1":6,"2":4,"3":3,"4":9,"5":6},"fnMap":{"1":{"name":"calculateArrival","line":13,"loc":{"start":{"line":13,"column":0},"end":{"line":13,"column":94}}},"2":{"name":"toObject","line":33,"loc":{"start":{"line":33,"column":0},"end":{"line":33,"column":24}}},"3":{"name":"toObjectWithoutTime","line":54,"loc":{"start":{"line":54,"column":0},"end":{"line":54,"column":35}}},"4":{"name":"toDate","line":70,"loc":{"start":{"line":70,"column":0},"end":{"line":70,"column":21}}},"5":{"name":"isDateObject","line":86,"loc":{"start":{"line":86,"column":0},"end":{"line":86,"column":26}}}},"statementMap":{"1":{"start":{"line":1,"column":0},"end":{"line":1,"column":40}},"2":{"start":{"line":13,"column":0},"end":{"line":24,"column":1}},"3":{"start":{"line":14,"column":2},"end":{"line":14,"column":60}},"4":{"start":{"line":16,"column":2},"end":{"line":16,"column":46}},"5":{"start":{"line":17,"column":2},"end":{"line":17,"column":38}},"6":{"start":{"line":19,"column":2},"end":{"line":23,"column":4}},"7":{"start":{"line":33,"column":0},"end":{"line":44,"column":1}},"8":{"start":{"line":34,"column":2},"end":{"line":34,"column":23}},"9":{"start":{"line":35,"column":2},"end":{"line":43,"column":3}},"10":{"start":{"line":37,"column":4},"end":{"line":37,"column":14}},"11":{"start":{"line":38,"column":4},"end":{"line":42,"column":6}},"12":{"start":{"line":54,"column":0},"end":{"line":61,"column":1}},"13":{"start":{"line":55,"column":2},"end":{"line":55,"column":23}},"14":{"start":{"line":56,"column":2},"end":{"line":60,"column":3}},"15":{"start":{"line":57,"column":4},"end":{"line":59,"column":6}},"16":{"start":{"line":70,"column":0},"end":{"line":77,"column":1}},"17":{"start":{"line":71,"column":2},"end":{"line":76,"column":3}},"18":{"start":{"line":72,"column":4},"end":{"line":72,"column":45}},"19":{"start":{"line":73,"column":4},"end":{"line":73,"column":93}},"20":{"start":{"line":74,"column":4},"end":{"line":75,"column":63}},"21":{"start":{"line":75,"column":6},"end":{"line":75,"column":63}},"22":{"start":{"line":86,"column":0},"end":{"line":90,"column":1}},"23":{"start":{"line":87,"column":2},"end":{"line":87,"column":24}},"24":{"start":{"line":87,"column":11},"end":{"line":87,"column":24}},"25":{"start":{"line":88,"column":2},"end":{"line":88,"column":27}},"26":{"start":{"line":89,"column":2},"end":{"line":89,"column":18}},"27":{"start":{"line":92,"column":0},"end":{"line":92,"column":51}},"28":{"start":{"line":93,"column":0},"end":{"line":93,"column":57}},"29":{"start":{"line":94,"column":0},"end":{"line":94,"column":43}},"30":{"start":{"line":95,"column":0},"end":{"line":95,"column":35}},"31":{"start":{"line":96,"column":0},"end":{"line":96,"column":31}}},"branchMap":{"1":{"line":35,"type":"if","locations":[{"start":{"line":35,"column":2},"end":{"line":35,"column":2}},{"start":{"line":35,"column":2},"end":{"line":35,"column":2}}]},"2":{"line":35,"type":"binary-expr","locations":[{"start":{"line":35,"column":6},"end":{"line":35,"column":10}},{"start":{"line":35,"column":14},"end":{"line":35,"column":25}}]},"3":{"line":56,"type":"if","locations":[{"start":{"line":56,"column":2},"end":{"line":56,"column":2}},{"start":{"line":56,"column":2},"end":{"line":56,"column":2}}]},"4":{"line":56,"type":"binary-expr","locations":[{"start":{"line":56,"column":6},"end":{"line":56,"column":10}},{"start":{"line":56,"column":14},"end":{"line":56,"column":25}}]},"5":{"line":71,"type":"if","locations":[{"start":{"line":71,"column":2},"end":{"line":71,"column":2}},{"start":{"line":71,"column":2},"end":{"line":71,"column":2}}]},"6":{"line":71,"type":"binary-expr","locations":[{"start":{"line":71,"column":6},"end":{"line":71,"column":9}},{"start":{"line":71,"column":13},"end":{"line":71,"column":21}}]},"7":{"line":72,"type":"cond-expr","locations":[{"start":{"line":72,"column":27},"end":{"line":72,"column":34}},{"start":{"line":72,"column":36},"end":{"line":72,"column":44}}]},"8":{"line":74,"type":"if","locations":[{"start":{"line":74,"column":4},"end":{"line":74,"column":4}},{"start":{"line":74,"column":4},"end":{"line":74,"column":4}}]},"9":{"line":87,"type":"if","locations":[{"start":{"line":87,"column":2},"end":{"line":87,"column":2}},{"start":{"line":87,"column":2},"end":{"line":87,"column":2}}]}}},"/Users/bradleybraithwaite/repos/victor-node-lib/build/install.js":{"path":"/Users/bradleybraithwaite/repos/victor-node-lib/build/install.js","s":{"1":1,"2":1,"3":1,"4":1,"5":1,"6":1,"7":5,"8":5,"9":3,"10":2,"11":2,"12":2,"13":1,"14":1,"15":1,"16":1,"17":1,"18":1,"19":1,"20":10,"21":10,"22":10,"23":10,"24":10,"25":10,"26":1,"27":8,"28":8,"29":8,"30":8,"31":8,"32":5,"33":5,"34":5,"35":5,"36":5,"37":3},"b":{"1":[3,2],"2":[5,4],"3":[3,2],"4":[5,3],"5":[2,1],"6":[1,1],"7":[10,0],"8":[5,3],"9":[5,0]},"f":{"1":5,"2":2,"3":10,"4":8},"fnMap":{"1":{"name":"autoExec","line":7,"loc":{"start":{"line":7,"column":0},"end":{"line":7,"column":44}}},"2":{"name":"(anonymous_2)","line":14,"loc":{"start":{"line":14,"column":43},"end":{"line":14,"column":74}}},"3":{"name":"addHook","line":29,"loc":{"start":{"line":29,"column":0},"end":{"line":29,"column":47}}},"4":{"name":"(anonymous_4)","line":43,"loc":{"start":{"line":43,"column":22},"end":{"line":43,"column":67}}}},"statementMap":{"1":{"start":{"line":1,"column":0},"end":{"line":1,"column":23}},"2":{"start":{"line":2,"column":0},"end":{"line":2,"column":27}},"3":{"start":{"line":3,"column":0},"end":{"line":3,"column":36}},"4":{"start":{"line":4,"column":0},"end":{"line":4,"column":37}},"5":{"start":{"line":5,"column":0},"end":{"line":5,"column":30}},"6":{"start":{"line":7,"column":0},"end":{"line":27,"column":1}},"7":{"start":{"line":8,"column":2},"end":{"line":8,"column":145}},"8":{"start":{"line":10,"column":2},"end":{"line":26,"column":3}},"9":{"start":{"line":12,"column":4},"end":{"line":25,"column":5}},"10":{"start":{"line":13,"column":6},"end":{"line":13,"column":42}},"11":{"start":{"line":14,"column":6},"end":{"line":24,"column":9}},"12":{"start":{"line":15,"column":8},"end":{"line":23,"column":9}},"13":{"start":{"line":16,"column":10},"end":{"line":16,"column":44}},"14":{"start":{"line":17,"column":10},"end":{"line":17,"column":30}},"15":{"start":{"line":18,"column":10},"end":{"line":18,"column":30}},"16":{"start":{"line":19,"column":10},"end":{"line":19,"column":26}},"17":{"start":{"line":21,"column":10},"end":{"line":21,"column":30}},"18":{"start":{"line":22,"column":10},"end":{"line":22,"column":42}},"19":{"start":{"line":29,"column":0},"end":{"line":41,"column":1}},"20":{"start":{"line":31,"column":2},"end":{"line":34,"column":3}},"21":{"start":{"line":33,"column":4},"end":{"line":33,"column":28}},"22":{"start":{"line":36,"column":2},"end":{"line":36,"column":44}},"23":{"start":{"line":38,"column":2},"end":{"line":38,"column":60}},"24":{"start":{"line":39,"column":2},"end":{"line":39,"column":35}},"25":{"start":{"line":40,"column":2},"end":{"line":40,"column":32}},"26":{"start":{"line":43,"column":0},"end":{"line":63,"column":2}},"27":{"start":{"line":45,"column":2},"end":{"line":45,"column":45}},"28":{"start":{"line":46,"column":2},"end":{"line":46,"column":47}},"29":{"start":{"line":47,"column":2},"end":{"line":47,"column":64}},"30":{"start":{"line":48,"column":2},"end":{"line":48,"column":70}},"31":{"start":{"line":50,"column":2},"end":{"line":62,"column":3}},"32":{"start":{"line":51,"column":4},"end":{"line":51,"column":38}},"33":{"start":{"line":52,"column":4},"end":{"line":59,"column":5}},"34":{"start":{"line":54,"column":6},"end":{"line":54,"column":53}},"35":{"start":{"line":55,"column":6},"end":{"line":55,"column":59}},"36":{"start":{"line":58,"column":6},"end":{"line":58,"column":41}},"37":{"start":{"line":61,"column":4},"end":{"line":61,"column":74}}},"branchMap":{"1":{"line":8,"type":"cond-expr","locations":[{"start":{"line":8,"column":95},"end":{"line":8,"column":132}},{"start":{"line":8,"column":135},"end":{"line":8,"column":144}}]},"2":{"line":8,"type":"binary-expr","locations":[{"start":{"line":8,"column":27},"end":{"line":8,"column":51}},{"start":{"line":8,"column":55},"end":{"line":8,"column":92}}]},"3":{"line":10,"type":"if","locations":[{"start":{"line":10,"column":2},"end":{"line":10,"column":2}},{"start":{"line":10,"column":2},"end":{"line":10,"column":2}}]},"4":{"line":10,"type":"binary-expr","locations":[{"start":{"line":10,"column":6},"end":{"line":10,"column":24}},{"start":{"line":10,"column":28},"end":{"line":10,"column":71}}]},"5":{"line":12,"type":"if","locations":[{"start":{"line":12,"column":4},"end":{"line":12,"column":4}},{"start":{"line":12,"column":4},"end":{"line":12,"column":4}}]},"6":{"line":15,"type":"if","locations":[{"start":{"line":15,"column":8},"end":{"line":15,"column":8}},{"start":{"line":15,"column":8},"end":{"line":15,"column":8}}]},"7":{"line":31,"type":"if","locations":[{"start":{"line":31,"column":2},"end":{"line":31,"column":2}},{"start":{"line":31,"column":2},"end":{"line":31,"column":2}}]},"8":{"line":50,"type":"if","locations":[{"start":{"line":50,"column":2},"end":{"line":50,"column":2}},{"start":{"line":50,"column":2},"end":{"line":50,"column":2}}]},"9":{"line":52,"type":"if","locations":[{"start":{"line":52,"column":4},"end":{"line":52,"column":4}},{"start":{"line":52,"column":4},"end":{"line":52,"column":4}}]}}}}