TN:
SF:/Users/bradleybraithwaite/repos/victor-node-lib/datetime/index.js
FN:13,calculateArrival
FN:33,toObject
FN:54,toObjectWithoutTime
FN:70,toDate
FN:86,isDateObject
FNF:5
FNH:5
FNDA:6,calculateArrival
FNDA:4,toObject
FNDA:3,toObjectWithoutTime
FNDA:9,toDate
FNDA:6,isDateObject
DA:1,1
DA:13,1
DA:14,6
DA:16,6
DA:17,6
DA:19,6
DA:33,1
DA:34,4
DA:35,4
DA:37,2
DA:38,2
DA:54,1
DA:55,3
DA:56,3
DA:57,1
DA:70,1
DA:71,9
DA:72,7
DA:73,7
DA:74,7
DA:75,4
DA:86,1
DA:87,6
DA:88,4
DA:89,4
DA:92,1
DA:93,1
DA:94,1
DA:95,1
DA:96,1
LF:30
LH:30
BRDA:35,1,0,2
BRDA:35,1,1,2
BRDA:35,2,0,4
BRDA:35,2,1,3
BRDA:56,3,0,1
BRDA:56,3,1,2
BRDA:56,4,0,3
BRDA:56,4,1,2
BRDA:71,5,0,7
BRDA:71,5,1,2
BRDA:71,6,0,9
BRDA:71,6,1,8
BRDA:72,7,0,4
BRDA:72,7,1,3
BRDA:74,8,0,4
BRDA:74,8,1,3
BRDA:87,9,0,2
BRDA:87,9,1,4
BRF:18
BRH:18
end_of_record
TN:
SF:/Users/bradleybraithwaite/repos/victor-node-lib/build/install.js
FN:7,autoExec
FN:14,(anonymous_2)
FN:29,addHook
FN:43,(anonymous_4)
FNF:4
FNH:4
FNDA:5,autoExec
FNDA:2,(anonymous_2)
FNDA:10,addHook
FNDA:8,(anonymous_4)
DA:1,1
DA:2,1
DA:3,1
DA:4,1
DA:5,1
DA:7,1
DA:8,5
DA:10,5
DA:12,3
DA:13,2
DA:14,2
DA:15,2
DA:16,1
DA:17,1
DA:18,1
DA:19,1
DA:21,1
DA:22,1
DA:29,1
DA:31,10
DA:33,10
DA:36,10
DA:38,10
DA:39,10
DA:40,10
DA:43,1
DA:45,8
DA:46,8
DA:47,8
DA:48,8
DA:50,8
DA:51,5
DA:52,5
DA:54,5
DA:55,5
DA:58,5
DA:61,3
LF:37
LH:37
BRDA:8,1,0,3
BRDA:8,1,1,2
BRDA:8,2,0,5
BRDA:8,2,1,4
BRDA:10,3,0,3
BRDA:10,3,1,2
BRDA:10,4,0,5
BRDA:10,4,1,3
BRDA:12,5,0,2
BRDA:12,5,1,1
BRDA:15,6,0,1
BRDA:15,6,1,1
BRDA:31,7,0,10
BRDA:31,7,1,0
BRDA:50,8,0,5
BRDA:50,8,1,3
BRDA:52,9,0,5
BRDA:52,9,1,0
BRF:18
BRH:16
end_of_record
